!SESSION 2018-11-19 17:36:22.256 -----------------------------------------------
eclipse.buildId=4.7.0.I20170612-0950
java.version=1.8.0_101
java.vendor=Oracle Corporation
BootLoader constants: OS=win32, ARCH=x86_64, WS=win32, NL=en_CA
Framework arguments:  -product org.eclipse.epp.package.cpp.product -product org.eclipse.epp.package.cpp.product -product org.eclipse.epp.package.cpp.product
Command-line arguments:  -os win32 -ws win32 -arch x86_64 -product org.eclipse.epp.package.cpp.product -product org.eclipse.epp.package.cpp.product -data D:\graphics\cp411 -product org.eclipse.epp.package.cpp.product

!ENTRY org.eclipse.ui.ide 4 4 2018-11-19 17:36:25.162
!MESSAGE Could not obtain lock for workspace location

!ENTRY org.eclipse.ui.ide 4 4 2018-11-19 17:36:25.162
!MESSAGE Could not obtain lock for workspace location
!STACK 0
java.io.IOException: The folder "D:\graphics\cp411\.metadata" is read-only.
	at org.eclipse.osgi.internal.location.BasicLocation.lock(BasicLocation.java:179)
	at org.eclipse.osgi.internal.location.BasicLocation.lock(BasicLocation.java:153)
	at org.eclipse.ui.internal.ide.application.IDEApplication.checkInstanceLocation(IDEApplication.java:222)
	at org.eclipse.ui.internal.ide.application.IDEApplication.start(IDEApplication.java:141)
	at org.eclipse.equinox.internal.app.EclipseAppHandle.run(EclipseAppHandle.java:196)
	at org.eclipse.core.runtime.internal.adaptor.EclipseAppLauncher.runApplication(EclipseAppLauncher.java:134)
	at org.eclipse.core.runtime.internal.adaptor.EclipseAppLauncher.start(EclipseAppLauncher.java:104)
	at org.eclipse.core.runtime.adaptor.EclipseStarter.run(EclipseStarter.java:388)
	at org.eclipse.core.runtime.adaptor.EclipseStarter.run(EclipseStarter.java:243)
	at sun.reflect.NativeMethodAccessorImpl.invoke0(Native Method)
	at sun.reflect.NativeMethodAccessorImpl.invoke(NativeMethodAccessorImpl.java:62)
	at sun.reflect.DelegatingMethodAccessorImpl.invoke(DelegatingMethodAccessorImpl.java:43)
	at java.lang.reflect.Method.invoke(Method.java:498)
	at org.eclipse.equinox.launcher.Main.invokeFramework(Main.java:653)
	at org.eclipse.equinox.launcher.Main.basicRun(Main.java:590)
	at org.eclipse.equinox.launcher.Main.run(Main.java:1499)

!ENTRY org.eclipse.ui.ide 4 0 2018-11-19 17:36:27.397
!MESSAGE FrameworkEvent ERROR
!STACK 0
org.osgi.framework.BundleException: Exception in org.eclipse.ui.internal.ide.IDEWorkbenchPlugin.stop() of bundle org.eclipse.ui.ide.
	at org.eclipse.osgi.internal.framework.BundleContextImpl.stop(BundleContextImpl.java:855)
	at org.eclipse.osgi.internal.framework.EquinoxBundle.stopWorker0(EquinoxBundle.java:947)
	at org.eclipse.osgi.internal.framework.EquinoxBundle$EquinoxModule.stopWorker(EquinoxBundle.java:314)
	at org.eclipse.osgi.container.Module.doStop(Module.java:636)
	at org.eclipse.osgi.container.Module.stop(Module.java:498)
	at org.eclipse.osgi.container.ModuleContainer$ContainerStartLevel.decStartLevel(ModuleContainer.java:1669)
	at org.eclipse.osgi.container.ModuleContainer$ContainerStartLevel.doContainerStartLevel(ModuleContainer.java:1588)
	at org.eclipse.osgi.container.SystemModule.stopWorker(SystemModule.java:270)
	at org.eclipse.osgi.internal.framework.EquinoxBundle$SystemBundle$EquinoxSystemModule.stopWorker(EquinoxBundle.java:147)
	at org.eclipse.osgi.container.Module.doStop(Module.java:636)
	at org.eclipse.osgi.container.Module.stop(Module.java:498)
	at org.eclipse.osgi.container.SystemModule.stop(SystemModule.java:202)
	at org.eclipse.osgi.internal.framework.EquinoxBundle$SystemBundle$EquinoxSystemModule$1.run(EquinoxBundle.java:165)
	at java.lang.Thread.run(Thread.java:745)
Caused by: java.lang.IllegalStateException: The platform metadata area could not be written: D:\graphics\cp411\.metadata.  By default the platform writes its content
under the current working directory when the platform is launched.  Use the -data parameter to
specify a different content area for the platform.
	at org.eclipse.core.internal.runtime.DataArea.assertLocationInitialized(DataArea.java:61)
	at org.eclipse.core.internal.runtime.DataArea.getStateLocation(DataArea.java:129)
	at org.eclipse.core.internal.preferences.InstancePreferences.getBaseLocation(InstancePreferences.java:44)
	at org.eclipse.core.internal.preferences.InstancePreferences.initializeChildren(InstancePreferences.java:209)
	at org.eclipse.core.internal.preferences.InstancePreferences.<init>(InstancePreferences.java:59)
	at org.eclipse.core.internal.preferences.InstancePreferences.internalCreate(InstancePreferences.java:220)
	at org.eclipse.core.internal.preferences.EclipsePreferences.create(EclipsePreferences.java:352)
	at org.eclipse.core.internal.preferences.EclipsePreferences.create(EclipsePreferences.java:340)
	at org.eclipse.core.internal.preferences.PreferencesService.createNode(PreferencesService.java:392)
	at org.eclipse.core.internal.preferences.RootPreferences.getChild(RootPreferences.java:60)
	at org.eclipse.core.internal.preferences.RootPreferences.getNode(RootPreferences.java:95)
	at org.eclipse.core.internal.preferences.RootPreferences.node(RootPreferences.java:84)
	at org.eclipse.core.internal.preferences.legacy.PreferenceForwarder.<init>(PreferenceForwarder.java:36)
	at org.eclipse.core.runtime.Plugin$1.run(Plugin.java:348)
	at org.eclipse.core.runtime.Plugin.getPluginPreferences(Plugin.java:351)
	at org.eclipse.core.runtime.Plugin.savePluginPreferences(Plugin.java:379)
	at org.eclipse.ui.plugin.AbstractUIPlugin.savePreferenceStore(AbstractUIPlugin.java:520)
	at org.eclipse.ui.plugin.AbstractUIPlugin.stop(AbstractUIPlugin.java:623)
	at org.eclipse.ui.internal.ide.IDEWorkbenchPlugin.stop(IDEWorkbenchPlugin.java:331)
	at org.eclipse.osgi.internal.framework.BundleContextImpl$4.run(BundleContextImpl.java:835)
	at org.eclipse.osgi.internal.framework.BundleContextImpl$4.run(BundleContextImpl.java:1)
	at java.security.AccessController.doPrivileged(Native Method)
	at org.eclipse.osgi.internal.framework.BundleContextImpl.stop(BundleContextImpl.java:828)
	... 13 more
Root exception:
java.lang.IllegalStateException: The platform metadata area could not be written: D:\graphics\cp411\.metadata.  By default the platform writes its content
under the current working directory when the platform is launched.  Use the -data parameter to
specify a different content area for the platform.
	at org.eclipse.core.internal.runtime.DataArea.assertLocationInitialized(DataArea.java:61)
	at org.eclipse.core.internal.runtime.DataArea.getStateLocation(DataArea.java:129)
	at org.eclipse.core.internal.preferences.InstancePreferences.getBaseLocation(InstancePreferences.java:44)
	at org.eclipse.core.internal.preferences.InstancePreferences.initializeChildren(InstancePreferences.java:209)
	at org.eclipse.core.internal.preferences.InstancePreferences.<init>(InstancePreferences.java:59)
	at org.eclipse.core.internal.preferences.InstancePreferences.internalCreate(InstancePreferences.java:220)
	at org.eclipse.core.internal.preferences.EclipsePreferences.create(EclipsePreferences.java:352)
	at org.eclipse.core.internal.preferences.EclipsePreferences.create(EclipsePreferences.java:340)
	at org.eclipse.core.internal.preferences.PreferencesService.createNode(PreferencesService.java:392)
	at org.eclipse.core.internal.preferences.RootPreferences.getChild(RootPreferences.java:60)
	at org.eclipse.core.internal.preferences.RootPreferences.getNode(RootPreferences.java:95)
	at org.eclipse.core.internal.preferences.RootPreferences.node(RootPreferences.java:84)
	at org.eclipse.core.internal.preferences.legacy.PreferenceForwarder.<init>(PreferenceForwarder.java:36)
	at org.eclipse.core.runtime.Plugin$1.run(Plugin.java:348)
	at org.eclipse.core.runtime.Plugin.getPluginPreferences(Plugin.java:351)
	at org.eclipse.core.runtime.Plugin.savePluginPreferences(Plugin.java:379)
	at org.eclipse.ui.plugin.AbstractUIPlugin.savePreferenceStore(AbstractUIPlugin.java:520)
	at org.eclipse.ui.plugin.AbstractUIPlugin.stop(AbstractUIPlugin.java:623)
	at org.eclipse.ui.internal.ide.IDEWorkbenchPlugin.stop(IDEWorkbenchPlugin.java:331)
	at org.eclipse.osgi.internal.framework.BundleContextImpl$4.run(BundleContextImpl.java:835)
	at org.eclipse.osgi.internal.framework.BundleContextImpl$4.run(BundleContextImpl.java:1)
	at java.security.AccessController.doPrivileged(Native Method)
	at org.eclipse.osgi.internal.framework.BundleContextImpl.stop(BundleContextImpl.java:828)
	at org.eclipse.osgi.internal.framework.EquinoxBundle.stopWorker0(EquinoxBundle.java:947)
	at org.eclipse.osgi.internal.framework.EquinoxBundle$EquinoxModule.stopWorker(EquinoxBundle.java:314)
	at org.eclipse.osgi.container.Module.doStop(Module.java:636)
	at org.eclipse.osgi.container.Module.stop(Module.java:498)
	at org.eclipse.osgi.container.ModuleContainer$ContainerStartLevel.decStartLevel(ModuleContainer.java:1669)
	at org.eclipse.osgi.container.ModuleContainer$ContainerStartLevel.doContainerStartLevel(ModuleContainer.java:1588)
	at org.eclipse.osgi.container.SystemModule.stopWorker(SystemModule.java:270)
	at org.eclipse.osgi.internal.framework.EquinoxBundle$SystemBundle$EquinoxSystemModule.stopWorker(EquinoxBundle.java:147)
	at org.eclipse.osgi.container.Module.doStop(Module.java:636)
	at org.eclipse.osgi.container.Module.stop(Module.java:498)
	at org.eclipse.osgi.container.SystemModule.stop(SystemModule.java:202)
	at org.eclipse.osgi.internal.framework.EquinoxBundle$SystemBundle$EquinoxSystemModule$1.run(EquinoxBundle.java:165)
	at java.lang.Thread.run(Thread.java:745)
